0 info it worked if it ends with ok
1 verbose cli [ '/usr/local/bin/node',
1 verbose cli   '/usr/local/bin/npm',
1 verbose cli   'install',
1 verbose cli   '-g',
1 verbose cli   'firebase-tools' ]
2 info using npm@2.15.9
3 info using node@v4.5.0
4 verbose install initial load of /usr/local/lib/package.json
5 verbose readDependencies loading dependencies from /usr/local/lib/package.json
6 silly cache add args [ 'firebase-tools', null ]
7 verbose cache add spec firebase-tools
8 silly cache add parsed spec Result {
8 silly cache add   raw: 'firebase-tools',
8 silly cache add   scope: null,
8 silly cache add   name: 'firebase-tools',
8 silly cache add   rawSpec: '',
8 silly cache add   spec: 'latest',
8 silly cache add   type: 'tag' }
9 silly addNamed firebase-tools@latest
10 verbose addNamed "latest" is being treated as a dist-tag for firebase-tools
11 info addNameTag [ 'firebase-tools', 'latest' ]
12 silly mapToRegistry name firebase-tools
13 silly mapToRegistry using default registry
14 silly mapToRegistry registry https://registry.npmjs.org/
15 silly mapToRegistry data Result {
15 silly mapToRegistry   raw: 'firebase-tools',
15 silly mapToRegistry   scope: null,
15 silly mapToRegistry   name: 'firebase-tools',
15 silly mapToRegistry   rawSpec: '',
15 silly mapToRegistry   spec: 'latest',
15 silly mapToRegistry   type: 'tag' }
16 silly mapToRegistry uri https://registry.npmjs.org/firebase-tools
17 verbose addNameTag registry:https://registry.npmjs.org/firebase-tools not in flight; fetching
18 verbose request uri https://registry.npmjs.org/firebase-tools
19 verbose request no auth needed
20 info attempt registry request try #1 at 3:38:26 PM
21 verbose request id ceeee0df3456813e
22 verbose etag "CFMSJVHF32VAT3K1LLTQAKR02"
23 http request GET https://registry.npmjs.org/firebase-tools
24 http 304 https://registry.npmjs.org/firebase-tools
25 verbose headers { date: 'Wed, 21 Sep 2016 19:38:24 GMT',
25 verbose headers   via: '1.1 varnish',
25 verbose headers   'cache-control': 'max-age=300',
25 verbose headers   etag: '"CFMSJVHF32VAT3K1LLTQAKR02"',
25 verbose headers   age: '0',
25 verbose headers   connection: 'keep-alive',
25 verbose headers   'x-served-by': 'cache-bos8233-BOS',
25 verbose headers   'x-cache': 'HIT',
25 verbose headers   'x-cache-hits': '1',
25 verbose headers   'x-timer': 'S1474486704.505049,VS0,VE429',
25 verbose headers   vary: 'Accept-Encoding' }
26 silly get cb [ 304,
26 silly get   { date: 'Wed, 21 Sep 2016 19:38:24 GMT',
26 silly get     via: '1.1 varnish',
26 silly get     'cache-control': 'max-age=300',
26 silly get     etag: '"CFMSJVHF32VAT3K1LLTQAKR02"',
26 silly get     age: '0',
26 silly get     connection: 'keep-alive',
26 silly get     'x-served-by': 'cache-bos8233-BOS',
26 silly get     'x-cache': 'HIT',
26 silly get     'x-cache-hits': '1',
26 silly get     'x-timer': 'S1474486704.505049,VS0,VE429',
26 silly get     vary: 'Accept-Encoding' } ]
27 verbose etag https://registry.npmjs.org/firebase-tools from cache
28 verbose get saving firebase-tools to /Users/skAir/.npm/registry.npmjs.org/firebase-tools/.cache.json
29 verbose correctMkdir /Users/skAir/.npm correctMkdir not in flight; initializing
30 silly addNameTag next cb for firebase-tools with tag latest
31 silly addNamed firebase-tools@3.0.7
32 verbose addNamed "3.0.7" is a plain semver version for firebase-tools
33 silly cache afterAdd firebase-tools@3.0.7
34 verbose afterAdd /Users/skAir/.npm/firebase-tools/3.0.7/package/package.json not in flight; writing
35 verbose correctMkdir /Users/skAir/.npm correctMkdir not in flight; initializing
36 verbose afterAdd /Users/skAir/.npm/firebase-tools/3.0.7/package/package.json written
37 silly install resolved [ { name: 'firebase-tools',
37 silly install resolved     version: '3.0.7',
37 silly install resolved     description: 'Command-Line Interface for Firebase',
37 silly install resolved     main: 'index.js',
37 silly install resolved     bin: { firebase: './bin/firebase' },
37 silly install resolved     scripts: { test: 'gulp' },
37 silly install resolved     repository:
37 silly install resolved      { type: 'git',
37 silly install resolved        url: 'git+https://github.com/firebase/firebase-tools.git' },
37 silly install resolved     keywords:
37 silly install resolved      [ 'cdn',
37 silly install resolved        'cli',
37 silly install resolved        'ssl',
37 silly install resolved        'cloud',
37 silly install resolved        'hosting',
37 silly install resolved        'firebase',
37 silly install resolved        'realtime',
37 silly install resolved        'websockets',
37 silly install resolved        'synchronization' ],
37 silly install resolved     preferGlobal: true,
37 silly install resolved     engines: { node: '>=0.10.0' },
37 silly install resolved     'engine-strict': true,
37 silly install resolved     author: { name: 'Firebase', url: 'https://firebase.google.com/' },
37 silly install resolved     license: 'MIT',
37 silly install resolved     bugs: { url: 'https://github.com/firebase/firebase-tools/issues' },
37 silly install resolved     files: [ 'bin/**', 'lib/**', 'commands/**', 'templates/**', 'index.js' ],
37 silly install resolved     homepage: 'https://github.com/firebase/firebase-tools',
37 silly install resolved     dependencies:
37 silly install resolved      { archiver: '^0.16.0',
37 silly install resolved        chalk: '^1.1.0',
37 silly install resolved        cjson: '^0.3.1',
37 silly install resolved        'cli-table': '^0.3.1',
37 silly install resolved        commander: '^2.8.1',
37 silly install resolved        'concat-stream': '^1.5.0',
37 silly install resolved        configstore: '^1.2.0',
37 silly install resolved        didyoumean: '^1.2.1',
37 silly install resolved        'exit-code': '^1.0.2',
37 silly install resolved        filesize: '^3.1.3',
37 silly install resolved        firebase: '2.x.x',
37 silly install resolved        'fs-extra': '^0.23.1',
37 silly install resolved        'fstream-ignore': '^1.0.2',
37 silly install resolved        googleapis: '^2.1.7',
37 silly install resolved        inquirer: '^0.12.0',
37 silly install resolved        jsonschema: '^1.0.2',
37 silly install resolved        jsonwebtoken: '^5.4.0',
37 silly install resolved        lodash: '^4.6.1',
37 silly install resolved        'node-uuid': '^1.4.3',
37 silly install resolved        open: '^0.0.5',
37 silly install resolved        portfinder: '^0.4.0',
37 silly install resolved        progress: '^1.1.8',
37 silly install resolved        request: '^2.58.0',
37 silly install resolved        rsvp: '^3.0.18',
37 silly install resolved        semver: '^5.0.3',
37 silly install resolved        shelljs: '^0.5.3',
37 silly install resolved        superstatic: '^4.0',
37 silly install resolved        tar: '^2.2.0',
37 silly install resolved        through: '^2.3.8',
37 silly install resolved        tmp: '0.0.27',
37 silly install resolved        'universal-analytics': '^0.3.9',
37 silly install resolved        'update-notifier': '^0.5.0',
37 silly install resolved        'user-home': '^2.0.0',
37 silly install resolved        uuid: '^2.0.1',
37 silly install resolved        winston: '^1.0.1' },
37 silly install resolved     devDependencies:
37 silly install resolved      { chai: '^3.0.0',
37 silly install resolved        'chai-as-promised': '^5.1.0',
37 silly install resolved        coveralls: '2.11.2',
37 silly install resolved        eslint: '^1.4.1',
37 silly install resolved        gulp: '^3.9.0',
37 silly install resolved        'gulp-eslint': '^1.0.0',
37 silly install resolved        'gulp-exit': '0.0.2',
37 silly install resolved        'gulp-istanbul': '^0.10.0',
37 silly install resolved        'gulp-mocha': '^2.1.2',
37 silly install resolved        'jshint-stylish': '^2.0.1',
37 silly install resolved        nock: '^2.10.0',
37 silly install resolved        sinon: '^1.17.4',
37 silly install resolved        'sinon-as-promised': '^4.0.0',
37 silly install resolved        'sinon-chai': '^2.8.0' },
37 silly install resolved     gitHead: '56973e24102a2e7d5392b5fe1586ad2027d7e03f',
37 silly install resolved     _id: 'firebase-tools@3.0.7',
37 silly install resolved     _shasum: 'd94e541904b820b3976ec1ab52e5ec09d5820a7b',
37 silly install resolved     _from: 'firebase-tools@latest',
37 silly install resolved     _npmVersion: '2.7.5',
37 silly install resolved     _nodeVersion: '0.10.38',
37 silly install resolved     _npmUser: { name: 'firebase', email: 'operations@firebase.com' },
37 silly install resolved     maintainers: [ [Object] ],
37 silly install resolved     dist:
37 silly install resolved      { shasum: 'd94e541904b820b3976ec1ab52e5ec09d5820a7b',
37 silly install resolved        tarball: 'https://registry.npmjs.org/firebase-tools/-/firebase-tools-3.0.7.tgz' },
37 silly install resolved     _npmOperationalInternal:
37 silly install resolved      { host: 'packages-16-east.internal.npmjs.com',
37 silly install resolved        tmp: 'tmp/firebase-tools-3.0.7.tgz_1470962598106_0.5898668966256082' },
37 silly install resolved     directories: {},
37 silly install resolved     _resolved: 'https://registry.npmjs.org/firebase-tools/-/firebase-tools-3.0.7.tgz',
37 silly install resolved     readme: 'ERROR: No README data found!' } ]
38 info install firebase-tools@3.0.7 into /usr/local/lib
39 info installOne firebase-tools@3.0.7
40 verbose installOne of firebase-tools to /usr/local/lib not in flight; installing
41 verbose correctMkdir /Users/skAir/.npm/_locks correctMkdir not in flight; initializing
42 verbose lock using /Users/skAir/.npm/_locks/firebase-tools-10d1b8d676fd02fa.lock for /usr/local/lib/node_modules/firebase-tools
43 silly install write writing firebase-tools 3.0.7 to /usr/local/lib/node_modules/firebase-tools
44 verbose unbuild lib/node_modules/firebase-tools
45 silly gentlyRm /usr/local/lib/node_modules/firebase-tools is being purged from base /usr/local
46 verbose gentlyRm don't care about contents; nuking /usr/local/lib/node_modules/firebase-tools
47 verbose tar unpack /Users/skAir/.npm/firebase-tools/3.0.7/package.tgz
48 verbose tar unpacking to /usr/local/lib/node_modules/firebase-tools
49 silly gentlyRm /usr/local/lib/node_modules/firebase-tools is being purged
50 verbose gentlyRm don't care about contents; nuking /usr/local/lib/node_modules/firebase-tools
51 silly gunzTarPerm modes [ '755', '644' ]
52 error tar.unpack untar error /Users/skAir/.npm/firebase-tools/3.0.7/package.tgz
53 verbose unlock done using /Users/skAir/.npm/_locks/firebase-tools-10d1b8d676fd02fa.lock for /usr/local/lib/node_modules/firebase-tools
54 verbose fstream_path /usr/local/lib/node_modules/firebase-tools
55 verbose fstream_type Directory
56 verbose fstream_class DirWriter
57 verbose stack Error: EACCES: permission denied, mkdir '/usr/local/lib/node_modules/firebase-tools'
57 verbose stack     at Error (native)
58 verbose fstream_stack /usr/local/lib/node_modules/npm/node_modules/fstream/lib/dir-writer.js:35:25
58 verbose fstream_stack /usr/local/lib/node_modules/npm/node_modules/mkdirp/index.js:47:53
58 verbose fstream_stack FSReqWrap.oncomplete (fs.js:82:15)
59 verbose cwd /Users/skAir/Development/BlocFrontend/travel-site
60 error Darwin 15.3.0
61 error argv "/usr/local/bin/node" "/usr/local/bin/npm" "install" "-g" "firebase-tools"
62 error node v4.5.0
63 error npm  v2.15.9
64 error path /usr/local/lib/node_modules/firebase-tools
65 error code EACCES
66 error errno -13
67 error syscall mkdir
68 error Error: EACCES: permission denied, mkdir '/usr/local/lib/node_modules/firebase-tools'
68 error     at Error (native)
68 error  { [Error: EACCES: permission denied, mkdir '/usr/local/lib/node_modules/firebase-tools']
68 error   errno: -13,
68 error   code: 'EACCES',
68 error   syscall: 'mkdir',
68 error   path: '/usr/local/lib/node_modules/firebase-tools',
68 error   fstream_type: 'Directory',
68 error   fstream_path: '/usr/local/lib/node_modules/firebase-tools',
68 error   fstream_class: 'DirWriter',
68 error   fstream_stack:
68 error    [ '/usr/local/lib/node_modules/npm/node_modules/fstream/lib/dir-writer.js:35:25',
68 error      '/usr/local/lib/node_modules/npm/node_modules/mkdirp/index.js:47:53',
68 error      'FSReqWrap.oncomplete (fs.js:82:15)' ] }
69 error Please try running this command again as root/Administrator.
70 verbose exit [ -13, true ]
71 verbose unbuild lib/node_modules/firebase-tools
72 silly gentlyRm /usr/local/lib/node_modules/firebase-tools is being purged from base /usr/local
73 verbose gentlyRm don't care about contents; nuking /usr/local/lib/node_modules/firebase-tools
